WM_CREATE
Hotkey Registered: F6
App Started. Window Shown.
Startup Hide Triggered
WM_CREATE
Hotkey Registered: F6
App Started. Window Shown.
Startup Hide Triggered
WM_CREATE
Hotkey Registered: F6
App Started. Window Shown.
Opening Settings: Refreshing Devices
Found Audio Devices: 9
Startup Hide Triggered
WM_CREATE
Hotkey Registered: F6
App Started. Window Shown.
Manually Hidden
WM_CREATE
Hotkey Registered: F6
App Started. Window Shown.
Opening Settings: Refreshing Devices
Found Audio Devices: 9
Key Bound (Main): 71
Hotkey Registered: F-40
Key Bound (Main): 72
Hotkey Registered: F-39
Key Bound (Main): 71
Hotkey Registered: F-40
WM_CREATE
Hotkey Registered: F-40
App Started. Window Shown.
Opening Settings: Refreshing Devices
Found Audio Devices: 9
WM_CREATE
Hotkey Registered: F-40
App Started. Window Shown.
Opening Settings: Refreshing Devices
Found Audio Devices: 9
Keyboard Hook Installed
Mouse Hook Installed
WM_CREATE
App Started
Bound Mouse: -5
Keyboard Hook Installed
Mouse Hook Installed
WM_CREATE
App Started
Hook: Hiding Window
Hook: Showing Window
Hook: Hiding Window
Hook: Showing Window
Hook: Hiding Window
Hook: Showing Window
Hook: Hiding Window
Hook: Showing Window
WM_CREATE
App Started
Thread: Starting Generation
Thread: Playing Audio
Thread: Complete
Thread: Starting Generation
Thread: Playing Audio
Thread: Complete
Thread: Starting Generation
Thread: Playing Audio
Thread: Complete
WM_CREATE
App Started (Hidden)
Thread: Starting Generation
Thread: Playing Audio
Audio: Pressing V
Audio: Releasing V
Thread: Complete
WM_CREATE
App Started (Hidden)
Thread: Starting Generation
Thread: Playing Audio
Audio: Pressing V
Audio: Releasing V
Thread: Complete
Thread: Starting Generation
Thread: Playing Audio
Audio: Pressing V
Audio: Releasing V
Thread: Complete
WM_CREATE
App Started (Hidden)
ToggleWindow Called
Window is Hidden -> Showing
Thread: Starting Generation
Thread: Playing Audio
Audio: Pressing V
Audio: Releasing V
Thread: Complete
ToggleWindow Called
Window is Hidden -> Showing
ToggleWindow Called
Window is Visible -> Checking Text
Hiding Window
ToggleWindow Called
Window is Hidden -> Showing
Thread: Starting Generation
Thread: Playing Audio
Audio: Pressing V
Audio: Releasing V
Thread: Complete
ToggleWindow Called
Window is Hidden -> Showing
Thread: Starting Generation
Thread: Playing Audio
Audio: Pressing V
Audio: Releasing V
Thread: Complete
WM_CREATE
App Started (Hidden)
ToggleWindow Called
Window is Hidden -> Showing
ToggleWindow Called
Window is Visible -> Checking Text
Hiding Window
ToggleWindow Called
Window is Hidden -> Showing
Thread: Starting Generation
Thread: Playing Audio
Audio: Pressing V
Audio: Releasing V
Thread: Complete
WM_CREATE
App Started (Hidden)
ToggleWindow Called
Window is Hidden -> Showing
Thread: Starting Generation
Thread: Playing Audio
Audio: Pressing V
Audio: Releasing V
Thread: Complete
ToggleWindow Called
Window is Hidden -> Showing
ToggleWindow Called
Window is Visible -> Checking Text
Hiding Window
ToggleWindow Called
Window is Hidden -> Showing
ToggleWindow Called
Window is Visible -> Checking Text
Hiding Window
ToggleWindow Called
Window is Hidden -> Showing
ToggleWindow Called
Window is Visible -> Checking Text
Hiding Window
ToggleWindow Called
Window is Hidden -> Showing
Thread: Starting Generation
Thread: Playing Audio
Audio: Pressing V
Audio: Releasing V
Thread: Complete
ToggleWindow Called
Window is Hidden -> Showing
Thread: Starting Generation
Thread: Playing Audio
Audio: Pressing V
Audio: Releasing V
Thread: Complete
ToggleWindow Called
Window is Hidden -> Showing
Thread: Starting Generation
Thread: Playing Audio
Audio: Pressing V
Audio: Releasing V
Thread: Complete
ToggleWindow Called
Window is Hidden -> Showing
Thread: Starting Generation
Thread: Playing Audio
Audio: Pressing V
Audio: Releasing V
Thread: Complete
ToggleWindow Called
Window is Hidden -> Showing
Thread: Starting Generation
Thread: Playing Audio
Audio: Pressing V
Audio: Releasing V
Thread: Complete
ToggleWindow Called
Window is Hidden -> Showing
Thread: Starting Generation
Thread: Playing Audio
Audio: Pressing V
Audio: Releasing V
Thread: Complete
ToggleWindow Called
Window is Hidden -> Showing
Thread: Starting Generation
Thread: Playing Audio
Audio: Pressing V
Audio: Releasing V
Thread: Complete
ToggleWindow Called
Window is Hidden -> Showing
Thread: Starting Generation
Thread: Playing Audio
Audio: Pressing V
Audio: Releasing V
Thread: Complete
ToggleWindow Called
Window is Hidden -> Showing
Thread: Starting Generation
Thread: Playing Audio
Audio: Pressing V
Audio: Releasing V
Thread: Complete
WM_CREATE
App Started (Hidden)
ToggleWindow Called
Window is Hidden -> Showing
Thread: Starting Generation
Thread: Playing Audio
Audio: Pressing V
Audio: Releasing V
Thread: Complete
ToggleWindow Called
Window is Hidden -> Showing
Thread: Starting Generation
Thread: Playing Audio
Audio: Pressing V
Audio: Releasing V
Thread: Complete
ToggleWindow Called
Window is Hidden -> Showing
Thread: Starting Generation
Thread: Playing Audio
Audio: Pressing V
Audio: Releasing V
Thread: Complete
ToggleWindow Called
Window is Hidden -> Showing
Thread: Starting Generation
Thread: Playing Audio
Audio: Pressing V
Audio: Releasing V
Thread: Complete
WM_CREATE
App Started (Hidden)
Blind Buffer: HEY
Thread: Starting Generation
Thread: Playing Audio
Audio: Pressing V
Audio: Releasing V
Thread: Complete
Blind Buffer: NICE TRY
Thread: Starting Generation
Thread: Playing Audio
Audio: Pressing V
Audio: Releasing V
Thread: Complete
Blind Buffer: YOU SOUNDS CUTE BABY GIRL
Thread: Starting Generation
Thread: Playing Audio
Audio: Pressing V
Audio: Releasing V
Thread: Complete
Blind Buffer: LEAVE ME ALONE PLEASE
Thread: Starting Generation
Thread: Playing Audio
Audio: Pressing V
Audio: Releasing V
Thread: Complete
Blind Buffer: 		supssa
Thread: Starting Generation
Thread: Playing Audio
Audio: Pressing V
Audio: Releasing V
Thread: Complete
Blind Buffer: 		
Thread: Starting Generation
Thread: Complete
WM_CREATE
App Started (Hidden)
Thread: Starting Generation
Thread: Success. Playing Audio.
Thread: Complete
Blind Buffer: 	
Thread: Starting Generation
Thread: Complete
Blind Buffer: 			
Thread: Starting Generation
Thread: Complete
Blind Buffer: hey!
Thread: Starting Generation
Thread: Success. Playing Audio.
Thread: Complete
Thread: Starting Generation
Thread: Success. Playing Audio.
Thread: Complete
Blind Buffer: hi what'up guys, how are you doing,
Thread: Starting Generation
Thread: Success. Playing Audio.
Thread: Complete
Blind Buffer: what,	
Thread: Starting Generation
Thread: Success. Playing Audio.
Thread: Complete
Blind Buffer: i will take iso, it's ok for you guys,
Thread: Starting Generation
Thread: Success. Playing Audio.
Thread: Complete
Blind Buffer: yeah i belive in you guys let's go
Thread: Starting Generation
Thread: Success. Playing Audio.
Thread: Complete
Blind Buffer: they rotite,
Thread: Starting Generation
Thread: Success. Playing Audio.
Thread: Complete
Blind Buffer: my bad
Thread: Starting Generation
Thread: Success. Playing Audio.
Thread: Complete
Blind Buffer: v
Thread: Starting Generation
Thread: Success. Playing Audio.
Thread: Complete
Thread: Starting Generation
Thread: Success. Playing Audio.
Thread: Complete
Thread: Starting Generation
Thread: Success. Playing Audio.
Thread: Complete
Blind Buffer: you sounds like uh a kid uh, right!
Thread: Starting Generation
Thread: Success. Playing Audio.
Thread: Complete
Blind Buffer: yeah sorry i'm busy but uh wayley you sounds cute lik lick little uh kid,
Thread: Starting Generation
Thread: Success. Playing Audio.
Thread: Complete
Blind Buffer: what did you say,
Thread: Starting Generation
Thread: Success. Playing Audio.
Thread: Complete
Blind Buffer: yeah i love you omen
Thread: Starting Generation
Thread: Success. Playing Audio.
Thread: Complete
Blind Buffer: omen, you sounds hot, oh yeah!
Thread: Starting Generation
Thread: Success. Playing Audio.
Thread: Complete
Blind Buffer: jordan, i fuck uu bitch
Thread: Starting Generation
Thread: Success. Playing Audio.
Thread: Complete
Blind Buffer: ta geule je t'aime bichies
Thread: Starting Generation
Thread: Success. Playing Audio.
Thread: Complete
Blind Buffer: how old uh are uh, you, me, both	,
Thread: Starting Generation
Thread: Success. Playing Audio.
Thread: Complete
Blind Buffer: uh i am sorry, comme again, uh,
Thread: Starting Generation
Thread: Success. Playing Audio.
Thread: Complete
Blind Buffer: hey guys!
Thread: Starting Generation
Thread: Success. Playing Audio.
Thread: Complete
Blind Buffer: i will play your little bitch sage uh
Thread: Starting Generation
Thread: Success. Playing Audio.
Thread: Complete
Blind Buffer: uh
Thread: Starting Generation
Thread: Success. Playing Audio.
Thread: Complete
Blind Buffer: uh
Thread: Starting Generation
Thread: Success. Playing Audio.
Thread: Complete
WM_CREATE
App Started (Hidden)
Blind Buffer: 		
Thread: Starting Generation
Thread: Complete
Blind Buffer: sorry
Thread: Starting Generation
Thread: Success. Playing Audio.
Thread: Complete
Blind Buffer: hey, you!!! ... shut up pk,
Thread: Starting Generation
Thread: Success. Playing Audio.
Thread: Complete
Blind Buffer: hey bitsh, i'm feeling fucking good rn
Thread: Starting Generation
Thread: Success. Playing Audio.
Thread: Complete
WM_CREATE
App Started (Hidden)
Thread: Starting Generation
Thread: Success. Playing Audio.
Thread: Complete
Blind Buffer: i am uh, fucking lost actually...
Thread: Starting Generation
Thread: Success. Playing Audio.
Thread: Complete
Blind Buffer: can you don't be afk bitch!
Thread: Starting Generation
Thread: Success. Playing Audio.
Thread: Complete
Blind Buffer: go plush baby girl
Thread: Starting Generation
Thread: Success. Playing Audio.
Thread: Complete
Blind Buffer: are you ok,
Thread: Starting Generation
Thread: Success. Playing Audio.
Thread: Complete
Blind Buffer: okay,
Thread: Starting Generation
Thread: Success. Playing Audio.
Thread: Complete
Blind Buffer: sorry come again,
Thread: Starting Generation
Thread: Success. Playing Audio.
Thread: Complete
Blind Buffer: go rotate
Thread: Starting Generation
Thread: Success. Playing Audio.
Thread: Complete
Blind Buffer: shit,
Thread: Starting Generation
Thread: Success. Playing Audio.
Thread: Complete
Blind Buffer: fuck yeah
Thread: Starting Generation
Thread: Success. Playing Audio.
Thread: Complete
Blind Buffer: i feel so good
Thread: Starting Generation
Thread: Success. Playing Audio.
Thread: Complete
Blind Buffer: yeah!! i feel goos as fuck yeah uh
Thread: Starting Generation
Thread: Success. Playing Audio.
Thread: Complete
Blind Buffer: i will revive you omen
Thread: Starting Generation
Thread: Success. Playing Audio.
Thread: Complete
Blind Buffer: i drug
Thread: Starting Generation
Thread: Success. Playing Audio.
Thread: Complete
Blind Buffer: i drug me yeah feels so good!
Thread: Starting Generation
Thread: Success. Playing Audio.
Thread: Complete
Blind Buffer: what did you said baby oh yeah, !!!! oh suck.
Thread: Starting Generation
Thread: Success. Playing Audio.
Thread: Complete
Blind Buffer: we gonna lose this game, of yeah feels so good,!
Thread: Starting Generation
Thread: Success. Playing Audio.
Thread: Complete
Blind Buffer: uh , drug,
Thread: Starting Generation
Thread: Success. Playing Audio.
Thread: Complete
Blind Buffer: drug...
Thread: Starting Generation
Thread: Success. Playing Audio.
Thread: Complete
Blind Buffer: drug
Thread: Starting Generation
Thread: Success. Playing Audio.
Thread: Complete
Blind Buffer: omen drug
Thread: Starting Generation
Thread: Success. Playing Audio.
Thread: Complete
Blind Buffer: omen, drug!
Thread: Starting Generation
Thread: Success. Playing Audio.
Thread: Complete
Blind Buffer: srug,!!! fuck drug
Thread: Starting Generation
Thread: Success. Playing Audio.
Thread: Complete
Blind Buffer: omen!! drug or drug,
Thread: Starting Generation
Thread: Success. Playing Audio.
Thread: Complete
Blind Buffer: are you okay dakaiiit,
Thread: Starting Generation
Thread: Success. Playing Audio.
Thread: Complete
Blind Buffer: drug me please!!!
Thread: Starting Generation
Thread: Success. Playing Audio.
Thread: Complete
Blind Buffer: fait moi un bébé
Thread: Starting Generation
Thread: Success. Playing Audio.
Thread: Complete
Blind Buffer: tu ne me comprend pas, de tout façon hein,
Thread: Starting Generation
Thread: Success. Playing Audio.
Thread: Complete
Blind Buffer: hi
Thread: Starting Generation
Thread: Success. Playing Audio.
Thread: Complete
Blind Buffer: hello gays how are you doing,
Thread: Starting Generation
Thread: Success. Playing Audio.
Thread: Complete
Thread: Starting Generation
Thread: Success. Playing Audio.
Thread: Complete
Thread: Starting Generation
Thread: Success. Playing Audio.
Thread: Complete
Blind Buffer: lqqsasasdzzfzqfqzsfzfzfzfzfzqffzsdf   				v vcvvcvvv				
Thread: Starting Generation
WM_CREATE
App Started (Hidden)
WM_CREATE
App Started (Hidden)
